<?xml version="1.0" encoding="UTF-8"?>
<!-- Generated by org.testng.reporters.JUnitReportReporter -->
<testsuite hostname="Bharadwaj-B6DD2G2" failures="0" tests="2" name="com.tests.Search" time="40.990" errors="0" timestamp="2024-02-20T11:54:31 IST" skipped="0">
  <testcase classname="com.tests.Search" name="cadidatesearch" time="19.884"/>
  <testcase classname="com.tests.Search" name="cadidatesearch" time="21.106"/>
</testsuite> <!-- com.tests.Search -->
