<?xml version="1.0" encoding="UTF-8"?>
<!-- Generated by org.testng.reporters.JUnitReportReporter -->
<testsuite hostname="Bharadwaj-B6DD2G2" failures="0" tests="2" name="com.tests.Search" time="36.905" errors="0" timestamp="2024-02-19T17:41:16 IST" skipped="0">
  <testcase classname="com.tests.Search" name="cadidatesearch" time="18.192"/>
  <testcase classname="com.tests.Search" name="cadidatesearch" time="18.713"/>
</testsuite> <!-- com.tests.Search -->
